<?xml version="1.0" encoding="utf-8"?><testsuites><testsuite name="pytest" errors="0" failures="0" skipped="29" tests="39" time="962.167" timestamp="2025-04-11T00:18:41.980905" hostname="625195e1e23e"><testcase classname="forge.test.models.pytorch.audio.whisper.test_whisper" name="test_whisper[openai/whisper-medium]" time="0.097"><properties><property name="start_timestamp" value="2025-04-11T00:19:12" /><property name="owner" value="tt-forge-fe" /><property name="tags" value="{'bringup_status': 'CI_FAILURE', 'execution_stage': 'FAILED_BEFORE_FORGE_COMPILATION_INITIATION'}" /><property name="end_timestamp" value="2025-04-11T00:19:12" /></properties><skipped type="pytest.skip" message="Skipping due to the current CI/CD pipeline limitations">/__w/tt-forge-fe/tt-forge-fe/forge/test/models/pytorch/audio/whisper/test_whisper.py:34: Skipping due to the current CI/CD pipeline limitations</skipped></testcase><testcase classname="forge.test.models.pytorch.text.albert.test_albert" name="test_albert_sequence_classification_pytorch[textattack/albert-base-v2-imdb]" time="47.690"><properties>
[...]
</properties></testcase><testcase classname="forge.test.models.pytorch.text.bert.test_bert" name="test_bert_token_classification_pytorch[dbmdz/bert-large-cased-finetuned-conll03-english]" time="0.103"><properties><property name="start_timestamp" value="2025-04-11T00:20:00" /><property name="owner" value="tt-forge-fe" /><property name="tags" value="{'bringup_status': 'CI_FAILURE', 'execution_stage': 'FAILED_BEFORE_FORGE_COMPILATION_INITIATION'}" /><property name="end_timestamp" value="2025-04-11T00:20:00" /></properties><skipped type="pytest.skip" message="Skipping due to the current CI/CD pipeline limitations">/__w/tt-forge-fe/tt-forge-fe/forge/test/models/pytorch/text/bert/test_bert.py:234: Skipping due to the current CI/CD pipeline limitations</skipped></testcase><testcase classname="forge.test.models.pytorch.text.dpr.test_dpr" name="test_dpr_reader_pytorch[facebook/dpr-reader-multiset-base]" time="0.102"><properties><property name="start_timestamp" value="2025-04-11T00:20:00" /><property name="owner" value="tt-forge-fe" /><property name="tags" value="{'bringup_status': 'CI_FAILURE', 'execution_stage': 'FAILED_BEFORE_FORGE_COMPILATION_INITIATION'}" /><property name="end_timestamp" value="2025-04-11T00:20:00" /></properties><skipped type="pytest.skip" message="Skipping due to the current CI/CD pipeline limitations">/__w/tt-forge-fe/tt-forge-fe/forge/test/models/pytorch/text/dpr/test_dpr.py:160: Skipping due to the current CI/CD pipeline limitations</skipped></testcase><testcase classname="forge.test.models.pytorch.text.llama.test_llama3" name="test_llama3_causal_lm[meta-llama/Llama-3.2-3B-Instruct]" time="0.000"><skipped type="pytest.skip" message="Insufficient host DRAM to run this model">/__w/tt-forge-fe/tt-forge-fe/forge/test/models/pytorch/text/llama/test_llama3.py:137: Insufficient host DRAM to run this model</skipped></testcase><testcase classname="forge.test.models.pytorch.text.llama.test_llama3" name="test_llama3_sequence_classification[huggyllama/llama-7b]" time="0.000"><skipped type="pytest.skip" message="Insufficient host DRAM to run this model">/__w/tt-forge-fe/tt-forge-fe/forge/test/models/pytorch/text/llama/test_llama3.py:200: Insufficient host DRAM to run this model</skipped></testcase><testcase classname="forge.test.models.pytorch.text.opt.test_opt" name="test_opt_sequence_classification[facebook/opt-1.3b]" time="0.103"><properties><property name="start_timestamp" value="2025-04-11T00:20:00" /><property name="owner" value="tt-forge-fe" /><property name="tags" value="{'bringup_status': 'CI_FAILURE', 'execution_stage': 'FAILED_BEFORE_FORGE_COMPILATION_INITIATION'}" /><property name="end_timestamp" value="2025-04-11T00:20:00" /></properties><skipped type="pytest.skip" message="Skipping due to the current CI/CD pipeline limitations">/__w/tt-forge-fe/tt-forge-fe/forge/test/models/pytorch/text/opt/test_opt.py:131: Skipping due to the current CI/CD pipeline limitations</skipped></testcase><testcase classname="forge.test.models.pytorch.text.phi2.test_phi2" name="test_phi2_clm[microsoft/phi-2-pytdml]" time="0.000"><skipped type="pytest.skip" message="Skipping due to the current CI/CD pipeline limitations">/__w/tt-forge-fe/tt-forge-fe/forge/test/models/pytorch/text/phi2/test_phi2.py:76: Skipping due to the current CI/CD pipeline limitations</skipped></testcase><testcase classname="forge.test.models.pytorch.text.phi3.test_phi3" name="test_phi3_sequence_classification[microsoft/phi-3-mini-4k-instruct]" time="0.103"><properties><property name="start_timestamp" value="2025-04-11T00:20:00" /><property name="owner" value="tt-forge-fe" /><property name="tags" value="{'bringup_status': 'CI_FAILURE', 'execution_stage': 'FAILED_BEFORE_FORGE_COMPILATION_INITIATION'}" /><property name="end_timestamp" value="2025-04-11T00:20:00" /></properties><skipped type="pytest.skip" message="Skipping due to the current CI/CD pipeline limitations">/__w/tt-forge-fe/tt-forge-fe/forge/test/models/pytorch/text/phi3/test_phi3.py:124: Skipping due to the current CI/CD pipeline limitations</skipped></testcase><testcase classname="forge.test.models.pytorch.text.qwen.test_qwen_v2" name="test_qwen_clm[Qwen/Qwen2.5-7B]" time="0.000"><skipped type="pytest.skip" message="Insufficient host DRAM to run this model">/__w/tt-forge-fe/tt-forge-fe/forge/test/models/pytorch/text/qwen/test_qwen_v2.py:52: Insufficient host DRAM to run this model</skipped></testcase><testcase classname="forge.test.models.pytorch.vision.alexnet.test_alexnet" name="test_alexnet_osmr" time="0.103"><properties><property name="start_timestamp" value="2025-04-11T00:20:00" /><property name="owner" value="tt-forge-fe" /><property name="tags" value="{'bringup_status': 'CI_FAILURE', 'execution_stage': 'FAILED_BEFORE_FORGE_COMPILATION_INITIATION'}" /><property name="end_timestamp" value="2025-04-11T00:20:00" /></properties><skipped type="pytest.skip" message="Skipping due to the current CI/CD pipeline limitations">/__w/tt-forge-fe/tt-forge-fe/forge/test/models/pytorch/vision/alexnet/test_alexnet.py:69: Skipping due to the current CI/CD pipeline limitations</skipped></testcase><testcase classname="forge.test.models.pytorch.vision.ddrnet.test_ddrnet" name="test_ddrnet_pytorch[ddrnet23]" time="0.000"><skipped type="pytest.skip" message="dependent on CCM repo">/__w/tt-forge-fe/tt-forge-fe/forge/test/models/pytorch/vision/ddrnet/test_ddrnet.py:23: dependent on CCM repo</skipped></testcase><testcase classname="forge.test.models.pytorch.vision.dla.test_dla" name="test_dla_pytorch[dla34]" time="78.051"><properties>
[...]
</properties></testcase><testcase classname="forge.test.models.pytorch.vision.efficientnet.test_efficientnet" name="test_efficientnet_torchvision[efficientnet_b4]" time="278.496"><properties>
[...]
</properties></testcase><testcase classname="forge.test.models.pytorch.vision.fpn.test_fpn" name="test_fpn_pytorch" time="15.936"><properties>
[...]
</properties></testcase><testcase classname="forge.test.models.pytorch.vision.ghostnet.test_ghostnet" name="test_ghostnet_timm[ghostnet_100.in1k]" time="127.474"><properties>
[...]
</properties></testcase><testcase classname="forge.test.models.pytorch.vision.hrnet.test_hrnet" name="test_hrnet_osmr_pytorch[hrnetv2_w32]" time="0.000"><skipped type="pytest.skip" message="Insufficient host DRAM to run this test (requires around 28 GB)">/__w/tt-forge-fe/tt-forge-fe/forge/test/models/pytorch/vision/hrnet/test_hrnet.py:94: Insufficient host DRAM to run this test (requires around 28 GB)</skipped></testcase><testcase classname="forge.test.models.pytorch.vision.hrnet.test_hrnet" name="test_hrnet_timm_pytorch[hrnetv2_w32]" time="0.000"><skipped type="pytest.skip" message="Insufficient host DRAM to run this test (requires around 27 GB)">/__w/tt-forge-fe/tt-forge-fe/forge/test/models/pytorch/vision/hrnet/test_hrnet.py:192: Insufficient host DRAM to run this test (requires around 27 GB)</skipped></testcase><testcase classname="forge.test.models.pytorch.vision.mlp_mixer.test_mlp_mixer" name="test_mlp_mixer_timm_pytorch[mixer_b16_224_in21k]" time="0.102"><properties><property name="start_timestamp" value="2025-04-11T00:28:20" /><property name="owner" value="tt-forge-fe" /><property name="tags" value="{'bringup_status': 'CI_FAILURE', 'execution_stage': 'FAILED_BEFORE_FORGE_COMPILATION_INITIATION'}" /><property name="end_timestamp" value="2025-04-11T00:28:20" /></properties><skipped type="pytest.skip" message="Skipping due to the current CI/CD pipeline limitations">/__w/tt-forge-fe/tt-forge-fe/forge/test/models/pytorch/vision/mlp_mixer/test_mlp_mixer.py:45: Skipping due to the current CI/CD pipeline limitations</skipped></testcase><testcase classname="forge.test.models.pytorch.vision.mobilenet.test_mobilenet_v1" name="test_mobilenetv1_192[google/mobilenet_v1_0.75_192]" time="0.101"><properties><property name="start_timestamp" value="2025-04-11T00:28:20" /><property name="owner" value="tt-forge-fe" /><property name="tags" value="{'bringup_status': 'CI_FAILURE', 'execution_stage': 'FAILED_BEFORE_FORGE_COMPILATION_INITIATION'}" /><property name="end_timestamp" value="2025-04-11T00:28:20" /></properties><skipped type="pytest.skip" message="Hitting segmentation fault in MLIR">/__w/tt-forge-fe/tt-forge-fe/forge/test/models/pytorch/vision/mobilenet/test_mobilenet_v1.py:73: Hitting segmentation fault in MLIR</skipped></testcase><testcase classname="forge.test.models.pytorch.vision.mobilenet.test_mobilenet_v3_ssd" name="test_mobilenetv3_ssd[resnet50]" time="64.835"><properties>
[...]
</properties></testcase><testcase classname="forge.test.models.pytorch.vision.retinanet.test_retinanet" name="test_retinanet[retinanet_rn152fpn]" time="0.102"><properties><property name="start_timestamp" value="2025-04-11T00:29:25" /><property name="owner" value="tt-forge-fe" /><property name="tags" value="{'bringup_status': 'CI_FAILURE', 'execution_stage': 'FAILED_BEFORE_FORGE_COMPILATION_INITIATION'}" /><property name="end_timestamp" value="2025-04-11T00:29:25" /></properties><skipped type="pytest.skip" message="Skipping due to the current CI/CD pipeline limitations">/__w/tt-forge-fe/tt-forge-fe/forge/test/models/pytorch/vision/retinanet/test_retinanet.py:31: Skipping due to the current CI/CD pipeline limitations</skipped></testcase><testcase classname="forge.test.models.pytorch.vision.segformer.test_segformer" name="test_segformer_semantic_segmentation_pytorch[nvidia/segformer-b0-finetuned-ade-512-512]" time="0.102"><properties><property name="start_timestamp" value="2025-04-11T00:29:25" /><property name="owner" value="tt-forge-fe" /><property name="tags" value="{'bringup_status': 'CI_FAILURE', 'execution_stage': 'FAILED_BEFORE_FORGE_COMPILATION_INITIATION'}" /><property name="end_timestamp" value="2025-04-11T00:29:25" /></properties><skipped type="pytest.skip" message="Skipping due to the current CI/CD pipeline limitations">/__w/tt-forge-fe/tt-forge-fe/forge/test/models/pytorch/vision/segformer/test_segformer.py:84: Skipping due to the current CI/CD pipeline limitations</skipped></testcase><testcase classname="forge.test.models.pytorch.vision.swin.test_swin" name="test_swin_v2_tiny_masked[microsoft/swinv2-tiny-patch4-window8-256]" time="0.101"><properties><property name="start_timestamp" value="2025-04-11T00:29:25" /><property name="owner" value="tt-forge-fe" /><property name="tags" value="{'bringup_status': 'CI_FAILURE', 'execution_stage': 'FAILED_BEFORE_FORGE_COMPILATION_INITIATION'}" /><property name="end_timestamp" value="2025-04-11T00:29:25" /></properties><skipped type="pytest.skip" message="Skipping due to the current CI/CD pipeline limitations">/__w/tt-forge-fe/tt-forge-fe/forge/test/models/pytorch/vision/swin/test_swin.py:139: Skipping due to the current CI/CD pipeline limitations</skipped></testcase><testcase classname="forge.test.models.pytorch.vision.vgg.test_vgg" name="test_vgg_bn19_torchhub_pytorch" time="0.101"><properties><property name="start_timestamp" value="2025-04-11T00:29:26" /><property name="owner" value="tt-forge-fe" /><property name="tags" value="{'bringup_status': 'CI_FAILURE', 'execution_stage': 'FAILED_BEFORE_FORGE_COMPILATION_INITIATION'}" /><property name="end_timestamp" value="2025-04-11T00:29:26" /></properties><skipped type="pytest.skip" message="Skipping due to the current CI/CD pipeline limitations">/__w/tt-forge-fe/tt-forge-fe/forge/test/models/pytorch/vision/vgg/test_vgg.py:185: Skipping due to the current CI/CD pipeline limitations</skipped></testcase><testcase classname="forge.test.models.pytorch.vision.vgg.test_vgg" name="test_vgg_torchvision[vgg16]" time="0.102"><properties><property name="start_timestamp" value="2025-04-11T00:29:26" /><property name="owner" value="tt-forge-fe" /><property name="tags" value="{'bringup_status': 'CI_FAILURE', 'execution_stage': 'FAILED_BEFORE_FORGE_COMPILATION_INITIATION'}" /><property name="end_timestamp" value="2025-04-11T00:29:26" /></properties><skipped type="pytest.skip" message="Skipping this variant; only testing the small variant(vgg11) for now.">/__w/tt-forge-fe/tt-forge-fe/forge/test/models/pytorch/vision/vgg/test_vgg.py:262: Skipping this variant; only testing the small variant(vgg11) for now.</skipped></testcase><testcase classname="forge.test.models.pytorch.vision.vovnet.test_vovnet" name="test_vovnet_osmr_pytorch[vovnet27s]" time="33.331"><properties>
[...]
</properties></testcase><testcase classname="forge.test.models.pytorch.vision.yolo.test_yolo_v3" name="test_yolov3_tiny_holli_pytorch" time="0.001"><skipped type="pytest.skip" message="dependent on CCM repo">/__w/tt-forge-fe/tt-forge-fe/forge/test/models/pytorch/vision/yolo/test_yolo_v3.py:35: dependent on CCM repo</skipped></testcase><testcase classname="forge.test.models.pytorch.vision.yolo.test_yolox" name="test_yolox_pytorch[yolox_darknet]" time="0.102"><properties><property name="start_timestamp" value="2025-04-11T00:29:59" /><property name="owner" value="tt-forge-fe" /><property name="tags" value="{'bringup_status': 'CI_FAILURE', 'execution_stage': 'FAILED_BEFORE_FORGE_COMPILATION_INITIATION'}" /><property name="end_timestamp" value="2025-04-11T00:29:59" /></properties><skipped type="pytest.skip" message="Skipping due to the current CI/CD pipeline limitations">/__w/tt-forge-fe/tt-forge-fe/forge/test/models/pytorch/vision/yolo/test_yolox.py:55: Skipping due to the current CI/CD pipeline limitations</skipped></testcase><testcase classname="forge.test.models.paddlepaddle.vision.densenet.test_densenet" name="test_densenet_pd[densenet121]" time="165.817"><properties>
[...]
</properties></testcase><testcase classname="forge.test.models.paddlepaddle.vision.resnet.test_resnet" name="test_resnet_pd[resnet50]" time="75.528"><properties>
[...]
</properties></testcase><testcase classname="forge.test.models.onnx.text.qwen.test_qwen_v2" name="test_qwen_clm_onnx[Qwen/Qwen2.5-3B]" time="0.000"><skipped type="pytest.skip" message="Segmentation Fault">/__w/tt-forge-fe/tt-forge-fe/forge/test/models/onnx/text/qwen/test_qwen_v2.py:17: Segmentation Fault</skipped></testcase><testcase classname="forge.test.models.onnx.vision.dla.test_dla" name="test_dla_onnx[no_device-dla34]" time="0.000"><skipped type="pytest.skip" message="Requires restructuring">/__w/tt-forge-fe/tt-forge-fe/forge/test/models/onnx/vision/dla/test_dla.py:33: Requires restructuring</skipped></testcase><testcase classname="forge.test.models.onnx.vision.hardnet.test_hardnet" name="test_hardnet_onnx[no_device-hardnet68ds]" time="0.000"><skipped type="pytest.skip" message="Requires restructuring">/__w/tt-forge-fe/tt-forge-fe/forge/test/models/onnx/vision/hardnet/test_hardnet.py:20: Requires restructuring</skipped></testcase><testcase classname="forge.test.models.onnx.vision.lstm.test_lstm_genom" name="test_lstm_genom_onnx[no_device]" time="0.000"><skipped type="pytest.skip" message="Requires restructuring">/__w/tt-forge-fe/tt-forge-fe/forge/test/models/onnx/vision/lstm/test_lstm_genom.py:20: Requires restructuring</skipped></testcase><testcase classname="forge.test.models.onnx.vision.mobilenetv2.test_mobilenetv2" name="test_mobilenetv2_onnx[mobilenetv2_100]" time="43.073"><properties>
[...]
</properties></testcase><testcase classname="forge.test.models.onnx.vision.segformer.test_segformer" name="test_segformer_image_classification_onnx[nvidia/mit-b2]" time="0.000"><skipped type="pytest.skip" message="unconditional skip">/__w/tt-forge-fe/tt-forge-fe/forge/test/models/onnx/vision/segformer/test_segformer.py:26: unconditional skip</skipped></testcase><testcase classname="forge.test.models.onnx.vision.yolo.test_yolo_v5" name="test_yolo_v5_320x320_onnx[no_device-yolov5l]" time="0.000"><skipped type="pytest.skip" message="Requires restructuring">/__w/tt-forge-fe/tt-forge-fe/forge/test/models/onnx/vision/yolo/test_yolo_v5.py:24: Requires restructuring</skipped></testcase><testcase classname="forge.test.models.onnx.vision.yolo.test_yolo_v5" name="test_yolo_v5_640x640_onnx[no_device-yolov5l]" time="0.000"><skipped type="pytest.skip" message="Requires restructuring">/__w/tt-forge-fe/tt-forge-fe/forge/test/models/onnx/vision/yolo/test_yolo_v5.py:107: Requires restructuring</skipped></testcase></testsuite></testsuites>