<?xml version="1.0" encoding="utf-8"?><testsuites><testsuite name="pytest" errors="0" failures="0" skipped="16" tests="16" time="820.931" timestamp="2025-04-11T00:34:27.349924" hostname="ad9b63687563"><testcase classname="forge.test.models.pytorch.multimodal.clip.test_clip" name="test_clip_pytorch[openai/clip-vit-base-patch32]" time="23.086"><properties><property name="start_timestamp" value="2025-04-11T00:34:49" /><property name="owner" value="tt-forge-fe" /><property name="group" value="generality" /><property name="tags" value="{'model_name': 'pt_clip_openai_clip_vit_base_patch32_text_gen_hf_text', 'bringup_status': 'FAILED_FE_COMPILATION', 'execution_stage': 'FAILED_FORGE_MLIR_COMPILATION', 'model_info': {'framework': 'PyTorch', 'model_arch': 'clip', 'variant_name': 'openai/clip-vit-base-patch32', 'task': 'Text Generation', 'source': 'Hugging Face'}}" /><property name="config" value="{'compiler': {'enable_training': False, 'enable_recompute': False, 'match_subgraph_patterns': None, 'enable_consteval': True, 'compile_subgraphs': False, 'enable_link_past_cache_ios': False, 'enable_pt2_fx_graph_link': False, 'compile_depth': 'FULL', 'enable_tvm_cpu_fallback': False, 'cpu_fallback_ops': ['embedding'], 'enable_tm_cpu_fallback': False, 'tm_cpu_fallback_max_depth': 10, 'enable_tvm_dropout': False, 'enable_tvm_unsupported_ops': False, 'enable_tvm_constant_prop': False, 'convert_framework_params_to_tvm': False, 'enable_xla_jax_convert': False, 'enable_tvm_jax_freeze_large_model': True, 'framework_model_output_names': [], 'tvm_constnat_prop_mask': [], 'compile_tvm_to_python': True, 'retain_tvm_python_files': False, 'tvm_graph_store_path': '', 'tvm_graph_load_path': '', 'tvm_module_to_num_patterns': {}, 'extract_tvm_unique_ops_config': False, 'tvm_generate_unique_ops_tests': False, 'export_tvm_unique_ops_config_details': False, 'loopback_outputs': {}, 'default_df_override': None, 'default_accumulate_df': None, 'enable_broadcast_splitting': False, 'default_math_fidelity': 'HiFi3', 'amp_level': None, 'fracture_groups': [], 'amp_properties': []}, 'verify': {}}" /><property name="end_timestamp" value="2025-04-11T00:35:13" /></properties><skipped type="pytest.xfail" message="" /></testcase><testcase classname="forge.test.models.pytorch.multimodal.stable_diffusion.test_stable_diffusion_v35" name="test_stable_diffusion_v35[stable-diffusion-3.5-large]" time="0.000"><skipped type="pytest.skip" message="Insufficient host DRAM to run this model (requires a bit more than 40 GB during compile time)">/__w/tt-forge-fe/tt-forge-fe/forge/test/models/pytorch/multimodal/stable_diffusion/test_stable_diffusion_v35.py:36: Insufficient host DRAM to run this model (requires a bit more than 40 GB during compile time)</skipped></testcase><testcase classname="forge.test.models.pytorch.text.llama.test_llama3" name="test_llama3_sequence_classification[meta-llama/Llama-3.2-1B-Instruct]" time="0.101"><properties><property name="start_timestamp" value="2025-04-11T00:35:13" /><property name="owner" value="tt-forge-fe" /><property name="tags" value="{'bringup_status': 'CI_FAILURE', 'execution_stage': 'FAILED_BEFORE_FORGE_COMPILATION_INITIATION'}" /><property name="end_timestamp" value="2025-04-11T00:35:13" /></properties><skipped type="pytest.skip" message="Skipping due to the current CI/CD pipeline limitations">/__w/tt-forge-fe/tt-forge-fe/forge/test/models/pytorch/text/llama/test_llama3.py:203: Skipping due to the current CI/CD pipeline limitations</skipped></testcase><testcase classname="forge.test.models.pytorch.text.opt.test_opt" name="test_opt_sequence_classification[facebook/opt-125m]" time="0.101"><properties><property name="start_timestamp" value="2025-04-11T00:35:14" /><property name="owner" value="tt-forge-fe" /><property name="tags" value="{'bringup_status': 'CI_FAILURE', 'execution_stage': 'FAILED_BEFORE_FORGE_COMPILATION_INITIATION'}" /><property name="end_timestamp" value="2025-04-11T00:35:14" /></properties><skipped type="pytest.skip" message="Skipping due to the current CI/CD pipeline limitations">/__w/tt-forge-fe/tt-forge-fe/forge/test/models/pytorch/text/opt/test_opt.py:131: Skipping due to the current CI/CD pipeline limitations</skipped></testcase><testcase classname="forge.test.models.pytorch.text.qwen.test_qwen_v2" name="test_qwen_clm[Qwen/Qwen2.5-1.5B-Instruct]" time="112.159"><properties>
[...]
</properties><skipped type="pytest.xfail" message="" /></testcase><testcase classname="forge.test.models.pytorch.text.xglm.test_xglm" name="test_xglm_causal_lm[facebook/xglm-1.7B]" time="130.219"><properties>
[...]
</properties><skipped type="pytest.xfail" message="" /></testcase><testcase classname="forge.test.models.pytorch.vision.densenet.test_densenet" name="test_densenet_169_pytorch[densenet169]" time="197.712"><properties>
[...]
</properties><skipped type="pytest.xfail" message="" /></testcase><testcase classname="forge.test.models.pytorch.vision.mobilenet.test_mobilenet_v2" name="test_mobilenetv2_deeplabv3[google/deeplabv3_mobilenet_v2_1.0_513]" time="22.896"><properties><property name="start_timestamp" value="2025-04-11T00:42:34" /><property name="owner" value="tt-forge-fe" /><property name="group" value="generality" /><property name="tags" value="{'model_name': 'pt_mobilnetv2_google_deeplabv3_mobilenet_v2_1_0_513_img_cls_hf', 'bringup_status': 'FAILED_TTMLIR_COMPILATION', 'execution_stage': 'FAILED_FORGE_MLIR_COMPILATION', 'model_info': {'framework': 'PyTorch', 'model_arch': 'mobilnetv2', 'variant_name': 'google/deeplabv3_mobilenet_v2_1.0_513', 'task': 'Image Classification', 'source': 'Hugging Face'}}" /><property name="config" value="{'compiler': {'enable_training': False, 'enable_recompute': False, 'match_subgraph_patterns': None, 'enable_consteval': True, 'compile_subgraphs': False, 'enable_link_past_cache_ios': False, 'enable_pt2_fx_graph_link': False, 'compile_depth': 'FULL', 'enable_tvm_cpu_fallback': False, 'cpu_fallback_ops': ['embedding'], 'enable_tm_cpu_fallback': False, 'tm_cpu_fallback_max_depth': 10, 'enable_tvm_dropout': False, 'enable_tvm_unsupported_ops': False, 'enable_tvm_constant_prop': False, 'convert_framework_params_to_tvm': False, 'enable_xla_jax_convert': False, 'enable_tvm_jax_freeze_large_model': True, 'framework_model_output_names': [], 'tvm_constnat_prop_mask': [], 'compile_tvm_to_python': True, 'retain_tvm_python_files': False, 'tvm_graph_store_path': '', 'tvm_graph_load_path': '', 'tvm_module_to_num_patterns': {}, 'extract_tvm_unique_ops_config': False, 'tvm_generate_unique_ops_tests': False, 'export_tvm_unique_ops_config_details': False, 'loopback_outputs': {}, 'default_df_override': None, 'default_accumulate_df': None, 'enable_broadcast_splitting': False, 'default_math_fidelity': 'HiFi3', 'amp_level': None, 'fracture_groups': [], 'amp_properties': []}, 'verify': {}}" /><property name="end_timestamp" value="2025-04-11T00:42:57" /></properties><skipped type="pytest.xfail" message="" /></testcase><testcase classname="forge.test.models.pytorch.vision.regnet.test_regnet" name="test_regnet_torchvision[regnet_y_8gf]" time="31.331"><properties>
[...]
</properties><skipped type="pytest.xfail" message="" /></testcase><testcase classname="forge.test.models.pytorch.vision.regnet.test_regnet" name="test_regnet_torchvision[regnet_x_400mf]" time="25.569"><properties>
[...]
</properties><skipped type="pytest.xfail" message="" /></testcase><testcase classname="forge.test.models.pytorch.vision.swin.test_swin" name="test_swin_v1_tiny_4_224_hf_pytorch[microsoft/swin-tiny-patch4-window7-224]" time="57.506"><properties><property name="start_timestamp" value="2025-04-11T00:43:54" /><property name="owner" value="tt-forge-fe" /><property name="group" value="generality" /><property name="tags" value="{'model_name': 'pt_swin_microsoft_swin_tiny_patch4_window7_224_img_cls_hf', 'bringup_status': 'FAILED_FE_COMPILATION', 'execution_stage': 'FAILED_FORGE_MODULE_GENERATION', 'model_info': {'framework': 'PyTorch', 'model_arch': 'swin', 'variant_name': 'microsoft/swin-tiny-patch4-window7-224', 'task': 'Image Classification', 'source': 'Hugging Face'}}" /><property name="config" value="{'compiler': {'enable_training': False, 'enable_recompute': False, 'match_subgraph_patterns': None, 'enable_consteval': True, 'compile_subgraphs': False, 'enable_link_past_cache_ios': False, 'enable_pt2_fx_graph_link': False, 'compile_depth': 'FULL', 'enable_tvm_cpu_fallback': False, 'cpu_fallback_ops': ['embedding'], 'enable_tm_cpu_fallback': False, 'tm_cpu_fallback_max_depth': 10, 'enable_tvm_dropout': False, 'enable_tvm_unsupported_ops': False, 'enable_tvm_constant_prop': False, 'convert_framework_params_to_tvm': False, 'enable_xla_jax_convert': False, 'enable_tvm_jax_freeze_large_model': True, 'framework_model_output_names': [], 'tvm_constnat_prop_mask': [], 'compile_tvm_to_python': True, 'retain_tvm_python_files': False, 'tvm_graph_store_path': '', 'tvm_graph_load_path': '', 'tvm_module_to_num_patterns': {}, 'extract_tvm_unique_ops_config': False, 'tvm_generate_unique_ops_tests': False, 'export_tvm_unique_ops_config_details': False, 'loopback_outputs': {}, 'default_df_override': None, 'default_accumulate_df': None, 'enable_broadcast_splitting': False, 'default_math_fidelity': 'HiFi3', 'amp_level': None, 'fracture_groups': [], 'amp_properties': []}, 'verify': {}}" /><property name="end_timestamp" value="2025-04-11T00:44:52" /></properties><skipped type="pytest.xfail" message="" /></testcase><testcase classname="forge.test.models.pytorch.vision.unet.test_unet" name="test_unet_osmr_cityscape_pytorch" time="35.711"><properties>
[...]
</properties><skipped type="pytest.xfail" message="" /></testcase><testcase classname="forge.test.models.pytorch.vision.yolo.test_yolo_v5" name="test_yolov5_320x320[yolov5s]" time="0.983"><properties><property name="start_timestamp" value="2025-04-11T00:45:27" /><property name="owner" value="tt-forge-fe" /><property name="group" value="generality" /><property name="tags" value="{'model_name': 'pt_yolo_v5_yolov5s_img_cls_torchhub_320x320', 'bringup_status': 'CI_FAILURE', 'execution_stage': 'FAILED_BEFORE_FORGE_COMPILATION_INITIATION', 'model_info': {'framework': 'PyTorch', 'model_arch': 'yolo_v5', 'variant_name': 'yolov5s', 'task': 'Image Classification', 'source': 'Torch Hub'}}" /><property name="end_timestamp" value="2025-04-11T00:45:28" /></properties><skipped type="pytest.xfail" message="" /></testcase><testcase classname="forge.test.models.pytorch.vision.yolo.test_yolo_v5" name="test_yolov5_640x640[yolov5s]" time="0.983"><properties><property name="start_timestamp" value="2025-04-11T00:45:28" /><property name="owner" value="tt-forge-fe" /><property name="group" value="generality" /><property name="tags" value="{'model_name': 'pt_yolo_v5_yolov5s_img_cls_torchhub_640x640', 'bringup_status': 'CI_FAILURE', 'execution_stage': 'FAILED_BEFORE_FORGE_COMPILATION_INITIATION', 'model_info': {'framework': 'PyTorch', 'model_arch': 'yolo_v5', 'variant_name': 'yolov5s', 'task': 'Image Classification', 'source': 'Torch Hub'}}" /><property name="end_timestamp" value="2025-04-11T00:45:29" /></properties><skipped type="pytest.xfail" message="" /></testcase><testcase classname="forge.test.models.paddlepaddle.vision.googlenet.test_googlenet" name="test_googlenet" time="47.371"><properties>
[...]
</properties><skipped type="pytest.xfail" message="" /></testcase><testcase classname="forge.test.models.onnx.vision.segformer.test_segformer" name="test_segformer_semantic_segmentation_onnx[nvidia/segformer-b0-finetuned-ade-512-512]" time="110.901"><properties>
[...]
</properties><skipped type="pytest.xfail" message="" /></testcase></testsuite></testsuites>