<?xml version="1.0" encoding="utf-8"?><testsuites><testsuite name="pytest" errors="0" failures="0" skipped="16" tests="16" time="2063.912" timestamp="2025-04-11T00:40:07.470621" hostname="df704c7d8f9b"><testcase classname="forge.test.models.pytorch.audio.stereo.test_stereo" name="test_stereo[facebook/musicgen-small]" time="132.868"><properties><property name="start_timestamp" value="2025-04-11T00:40:33" /><property name="owner" value="tt-forge-fe" /><property name="group" value="generality" /><property name="tags" value="{'model_name': 'pt_stereo_facebook_musicgen_small_music_generation_hf', 'bringup_status': 'FAILED_FE_COMPILATION', 'execution_stage': 'FAILED_FORGE_OPTIMIZATION_GRAPH_PASS', 'model_info': {'framework': 'PyTorch', 'model_arch': 'stereo', 'variant_name': 'facebook/musicgen-small', 'task': 'Music Generation', 'source': 'Hugging Face'}}" /><property name="config" value="{'compiler': {'enable_training': False, 'enable_recompute': False, 'match_subgraph_patterns': None, 'enable_consteval': True, 'compile_subgraphs': False, 'enable_link_past_cache_ios': False, 'enable_pt2_fx_graph_link': False, 'compile_depth': 'FULL', 'enable_tvm_cpu_fallback': False, 'cpu_fallback_ops': ['embedding'], 'enable_tm_cpu_fallback': False, 'tm_cpu_fallback_max_depth': 10, 'enable_tvm_dropout': False, 'enable_tvm_unsupported_ops': False, 'enable_tvm_constant_prop': False, 'convert_framework_params_to_tvm': False, 'enable_xla_jax_convert': False, 'enable_tvm_jax_freeze_large_model': True, 'framework_model_output_names': [], 'tvm_constnat_prop_mask': [], 'compile_tvm_to_python': True, 'retain_tvm_python_files': False, 'tvm_graph_store_path': '', 'tvm_graph_load_path': '', 'tvm_module_to_num_patterns': {}, 'extract_tvm_unique_ops_config': False, 'tvm_generate_unique_ops_tests': False, 'export_tvm_unique_ops_config_details': False, 'loopback_outputs': {}, 'default_df_override': None, 'default_accumulate_df': None, 'enable_broadcast_splitting': False, 'default_math_fidelity': 'HiFi3', 'amp_level': None, 'fracture_groups': [], 'amp_properties': []}, 'verify': {}}" /><property name="end_timestamp" value="2025-04-11T00:42:47" /></properties><skipped type="pytest.xfail" message="" /></testcase><testcase classname="forge.test.models.pytorch.multimodal.vilt.test_vilt" name="test_vilt_maskedlm_hf_pytorch[dandelin/vilt-b32-mlm]" time="46.801"><properties>
[...]
</properties><skipped type="pytest.xfail" message="" /></testcase><testcase classname="forge.test.models.pytorch.text.codegen.test_codegen" name="test_codegen[Salesforce/codegen-350M-multi]" time="90.451"><properties><property name="start_timestamp" value="2025-04-11T00:43:34" /><property name="owner" value="tt-forge-fe" /><property name="group" value="generality" /><property name="tags" value="{'model_name': 'pt_codegen_salesforce_codegen_350m_multi_clm_hf', 'bringup_status': 'FAILED_FE_COMPILATION', 'execution_stage': 'FAILED_FORGE_MODULE_GENERATION', 'model_info': {'framework': 'PyTorch', 'model_arch': 'codegen', 'variant_name': 'Salesforce/codegen-350M-multi', 'task': 'Causal Language Modeling', 'source': 'Hugging Face'}}" /><property name="config" value="{'compiler': {'enable_training': False, 'enable_recompute': False, 'match_subgraph_patterns': None, 'enable_consteval': True, 'compile_subgraphs': False, 'enable_link_past_cache_ios': False, 'enable_pt2_fx_graph_link': False, 'compile_depth': 'FULL', 'enable_tvm_cpu_fallback': False, 'cpu_fallback_ops': ['embedding'], 'enable_tm_cpu_fallback': False, 'tm_cpu_fallback_max_depth': 10, 'enable_tvm_dropout': False, 'enable_tvm_unsupported_ops': False, 'enable_tvm_constant_prop': False, 'convert_framework_params_to_tvm': False, 'enable_xla_jax_convert': False, 'enable_tvm_jax_freeze_large_model': True, 'framework_model_output_names': [], 'tvm_constnat_prop_mask': [], 'compile_tvm_to_python': True, 'retain_tvm_python_files': False, 'tvm_graph_store_path': '', 'tvm_graph_load_path': '', 'tvm_module_to_num_patterns': {}, 'extract_tvm_unique_ops_config': False, 'tvm_generate_unique_ops_tests': False, 'export_tvm_unique_ops_config_details': False, 'loopback_outputs': {}, 'default_df_override': None, 'default_accumulate_df': None, 'enable_broadcast_splitting': False, 'default_math_fidelity': 'HiFi3', 'amp_level': None, 'fracture_groups': [], 'amp_properties': []}, 'verify': {}}" /><property name="end_timestamp" value="2025-04-11T00:45:04" /></properties><skipped type="pytest.xfail" message="" /></testcase><testcase classname="forge.test.models.pytorch.text.gpt2.test_gpt2" name="test_gpt2_sequence_classification[mnoukhov/gpt2-imdb-sentiment-classifier]" time="31.881"><properties>
[...]
</properties><skipped type="pytest.xfail" message="" /></testcase><testcase classname="forge.test.models.pytorch.text.mamba.test_mamba" name="test_mamba[state-spaces/mamba-790m-hf]" time="21.472"><properties><property name="start_timestamp" value="2025-04-11T00:45:36" /><property name="owner" value="tt-forge-fe" /><property name="group" value="generality" /><property name="tags" value="{'model_name': 'pt_mamba_state_spaces_mamba_790m_hf_clm_hf', 'bringup_status': 'FAILED_FE_COMPILATION', 'execution_stage': 'FAILED_TVM_RELAY_IRMODULE_GENERATION', 'model_info': {'framework': 'PyTorch', 'model_arch': 'mamba', 'variant_name': 'state-spaces/mamba-790m-hf', 'task': 'Causal Language Modeling', 'source': 'Hugging Face'}}" /><property name="config" value="{'compiler': {'enable_training': False, 'enable_recompute': False, 'match_subgraph_patterns': None, 'enable_consteval': True, 'compile_subgraphs': False, 'enable_link_past_cache_ios': False, 'enable_pt2_fx_graph_link': False, 'compile_depth': 'FULL', 'enable_tvm_cpu_fallback': False, 'cpu_fallback_ops': ['embedding'], 'enable_tm_cpu_fallback': False, 'tm_cpu_fallback_max_depth': 10, 'enable_tvm_dropout': False, 'enable_tvm_unsupported_ops': False, 'enable_tvm_constant_prop': False, 'convert_framework_params_to_tvm': False, 'enable_xla_jax_convert': False, 'enable_tvm_jax_freeze_large_model': True, 'framework_model_output_names': [], 'tvm_constnat_prop_mask': [], 'compile_tvm_to_python': True, 'retain_tvm_python_files': False, 'tvm_graph_store_path': '', 'tvm_graph_load_path': '', 'tvm_module_to_num_patterns': {}, 'extract_tvm_unique_ops_config': False, 'tvm_generate_unique_ops_tests': False, 'export_tvm_unique_ops_config_details': False, 'loopback_outputs': {}, 'default_df_override': None, 'default_accumulate_df': None, 'enable_broadcast_splitting': False, 'default_math_fidelity': 'HiFi3', 'amp_level': None, 'fracture_groups': [], 'amp_properties': []}, 'verify': {}}" /><property name="end_timestamp" value="2025-04-11T00:45:58" /></properties><skipped type="pytest.xfail" message="" /></testcase><testcase classname="forge.test.models.pytorch.text.phi2.test_phi2" name="test_phi2_sequence_classification[microsoft/phi-2]" time="0.102"><properties><property name="start_timestamp" value="2025-04-11T00:45:58" /><property name="owner" value="tt-forge-fe" /><property name="tags" value="{'bringup_status': 'CI_FAILURE', 'execution_stage': 'FAILED_BEFORE_FORGE_COMPILATION_INITIATION'}" /><property name="end_timestamp" value="2025-04-11T00:45:58" /></properties><skipped type="pytest.skip" message="Skipping due to the current CI/CD pipeline limitations">/__w/tt-forge-fe/tt-forge-fe/forge/test/models/pytorch/text/phi2/test_phi2.py:180: Skipping due to the current CI/CD pipeline limitations</skipped></testcase><testcase classname="forge.test.models.pytorch.text.qwen.test_qwen_coder" name="test_qwen_clm[Qwen/Qwen2.5-Coder-0.5B]" time="110.109"><properties>
[...]
</properties><skipped type="pytest.xfail" message="" /></testcase><testcase classname="forge.test.models.pytorch.vision.mobilenet.test_mobilenet_v3" name="test_mobilenetv3_timm[mobilenetv3_large_100]" time="121.531"><properties>
[...]
</properties><skipped type="pytest.xfail" message="" /></testcase><testcase classname="forge.test.models.pytorch.vision.regnet.test_regnet" name="test_regnet_torchvision[regnet_x_8gf]" time="41.375"><properties>
[...]
</properties><skipped type="pytest.xfail" message="" /></testcase><testcase classname="forge.test.models.pytorch.vision.resnet.test_resnet" name="test_resnet_torchvision[resnet152]" time="122.630"><properties>
[...]
</properties><skipped type="pytest.xfail" message="" /></testcase><testcase classname="forge.test.models.pytorch.vision.yolo.test_yolo_v5" name="test_yolov5_480x480[yolov5l]" time="1.105"><properties><property name="start_timestamp" value="2025-04-11T00:52:34" /><property name="owner" value="tt-forge-fe" /><property name="tags" value="{'bringup_status': 'CI_FAILURE', 'execution_stage': 'FAILED_BEFORE_FORGE_COMPILATION_INITIATION'}" /><property name="end_timestamp" value="2025-04-11T00:52:35" /></properties><skipped type="pytest.skip" message="Skipping due to the current CI/CD pipeline limitations">/__w/tt-forge-fe/tt-forge-fe/forge/test/models/pytorch/vision/yolo/test_yolo_v5.py:143: Skipping due to the current CI/CD pipeline limitations</skipped></testcase><testcase classname="forge.test.models.pytorch.vision.yolo.test_yolo_v6" name="test_yolo_v6_pytorch[yolov6n]" time="66.877"><properties>
[...]
</properties><skipped type="pytest.xfail" message="" /></testcase><testcase classname="forge.test.models.pytorch.vision.yolo.test_yolo_v8" name="test_yolov8" time="113.797"><properties>
[...]
</properties><skipped type="pytest.xfail" message="RuntimeError: Out of Memory: Not enough space to allocate 57843712 B L1 buffer across 64 banks, where each bank needs to store 903808 B" /></testcase><testcase classname="forge.test.models.onnx.vision.detr.test_detr" name="test_detr_detection_onnx[facebook/detr-resnet-50]" time="307.237"><properties>
[...]
</properties><skipped type="pytest.xfail" message="" /></testcase><testcase classname="forge.test.models.onnx.vision.segformer.test_segformer" name="test_segformer_semantic_segmentation_onnx[nvidia/segformer-b2-finetuned-ade-512-512]" time="292.741"><properties>
[...]
</properties><skipped type="pytest.xfail" message="" /></testcase><testcase classname="forge.test.models.onnx.vision.swin.test_swin" name="test_swin_v2_tiny_4_256_hf_pytorch[microsoft/swinv2-tiny-patch4-window8-256]" time="534.660"><properties><property name="start_timestamp" value="2025-04-11T01:05:36" /><property name="owner" value="tt-forge-fe" /><property name="group" value="generality" /><property name="tags" value="{'model_name': 'onnx_swin_microsoft_swinv2_tiny_patch4_window8_256_img_cls_hf', 'bringup_status': 'FAILED_FE_COMPILATION', 'execution_stage': 'FAILED_TVM_RELAY_IRMODULE_GENERATION', 'model_info': {'framework': 'ONNX', 'model_arch': 'swin', 'variant_name': 'microsoft/swinv2-tiny-patch4-window8-256', 'task': 'Image Classification', 'source': 'Hugging Face'}}" /><property name="config" value="{'compiler': {'enable_training': False, 'enable_recompute': False, 'match_subgraph_patterns': None, 'enable_consteval': True, 'compile_subgraphs': False, 'enable_link_past_cache_ios': False, 'enable_pt2_fx_graph_link': False, 'compile_depth': 'FULL', 'enable_tvm_cpu_fallback': False, 'cpu_fallback_ops': ['embedding'], 'enable_tm_cpu_fallback': False, 'tm_cpu_fallback_max_depth': 10, 'enable_tvm_dropout': False, 'enable_tvm_unsupported_ops': False, 'enable_tvm_constant_prop': False, 'convert_framework_params_to_tvm': False, 'enable_xla_jax_convert': False, 'enable_tvm_jax_freeze_large_model': True, 'framework_model_output_names': [], 'tvm_constnat_prop_mask': [], 'compile_tvm_to_python': True, 'retain_tvm_python_files': False, 'tvm_graph_store_path': '', 'tvm_graph_load_path': '', 'tvm_module_to_num_patterns': {}, 'extract_tvm_unique_ops_config': False, 'tvm_generate_unique_ops_tests': False, 'export_tvm_unique_ops_config_details': False, 'loopback_outputs': {}, 'default_df_override': None, 'default_accumulate_df': None, 'enable_broadcast_splitting': False, 'default_math_fidelity': 'HiFi3', 'amp_level': None, 'fracture_groups': [], 'amp_properties': []}, 'verify': {}}" /><property name="end_timestamp" value="2025-04-11T01:14:31" /></properties><skipped type="pytest.xfail" message="" /></testcase></testsuite></testsuites>